{
  "consumers" : [ {
    "id" : 0,
    "isBankrupt" : false,
    "budget" : 1350
  }, {
    "id" : 1,
    "isBankrupt" : false,
    "budget" : 500
  }, {
    "id" : 2,
    "isBankrupt" : false,
    "budget" : 2068
  }, {
    "id" : 3,
    "isBankrupt" : false,
    "budget" : 388
  }, {
    "id" : 4,
    "isBankrupt" : false,
    "budget" : 623
  }, {
    "id" : 5,
    "isBankrupt" : false,
    "budget" : 736
  }, {
    "id" : 6,
    "isBankrupt" : false,
    "budget" : 1664
  }, {
    "id" : 7,
    "isBankrupt" : false,
    "budget" : 523
  }, {
    "id" : 8,
    "isBankrupt" : false,
    "budget" : 252
  }, {
    "id" : 9,
    "isBankrupt" : false,
    "budget" : 355
  }, {
    "id" : 10,
    "isBankrupt" : false,
    "budget" : 481
  }, {
    "id" : 11,
    "isBankrupt" : false,
    "budget" : 388
  }, {
    "id" : 12,
    "isBankrupt" : false,
    "budget" : 171
  }, {
    "id" : 13,
    "isBankrupt" : false,
    "budget" : 553
  }, {
    "id" : 14,
    "isBankrupt" : false,
    "budget" : 142
  }, {
    "id" : 15,
    "isBankrupt" : false,
    "budget" : 208
  }, {
    "id" : 16,
    "isBankrupt" : false,
    "budget" : 223
  } ],
  "distributors" : [ {
    "id" : 0,
    "energyNeededKW" : 2334,
    "contractCost" : 11,
    "budget" : 1631,
    "producerStrategy" : "GREEN",
    "isBankrupt" : false,
    "contracts" : [ ]
  }, {
    "id" : 1,
    "energyNeededKW" : 1015,
    "contractCost" : 10,
    "budget" : 444,
    "producerStrategy" : "GREEN",
    "isBankrupt" : false,
    "contracts" : [ ]
  }, {
    "id" : 2,
    "energyNeededKW" : 3482,
    "contractCost" : 30,
    "budget" : 1156,
    "producerStrategy" : "GREEN",
    "isBankrupt" : false,
    "contracts" : [ ]
  }, {
    "id" : 3,
    "energyNeededKW" : 3388,
    "contractCost" : 29,
    "budget" : 1218,
    "producerStrategy" : "GREEN",
    "isBankrupt" : false,
    "contracts" : [ ]
  }, {
    "id" : 4,
    "energyNeededKW" : 2266,
    "contractCost" : 23,
    "budget" : 269,
    "producerStrategy" : "QUANTITY",
    "isBankrupt" : false,
    "contracts" : [ ]
  }, {
    "id" : 5,
    "energyNeededKW" : 1253,
    "contractCost" : 2,
    "budget" : 2017,
    "producerStrategy" : "QUANTITY",
    "isBankrupt" : false,
    "contracts" : [ {
      "consumerId" : 5,
      "price" : 3,
      "remainedContractMonths" : 0
    }, {
      "consumerId" : 7,
      "price" : 3,
      "remainedContractMonths" : 0
    }, {
      "consumerId" : 9,
      "price" : 3,
      "remainedContractMonths" : 0
    }, {
      "consumerId" : 11,
      "price" : 3,
      "remainedContractMonths" : 0
    }, {
      "consumerId" : 13,
      "price" : 3,
      "remainedContractMonths" : 0
    }, {
      "consumerId" : 14,
      "price" : 3,
      "remainedContractMonths" : 0
    }, {
      "consumerId" : 15,
      "price" : 3,
      "remainedContractMonths" : 0
    }, {
      "consumerId" : 0,
      "price" : 2,
      "remainedContractMonths" : 1
    }, {
      "consumerId" : 1,
      "price" : 2,
      "remainedContractMonths" : 1
    }, {
      "consumerId" : 2,
      "price" : 2,
      "remainedContractMonths" : 1
    }, {
      "consumerId" : 3,
      "price" : 2,
      "remainedContractMonths" : 1
    }, {
      "consumerId" : 4,
      "price" : 2,
      "remainedContractMonths" : 1
    }, {
      "consumerId" : 6,
      "price" : 2,
      "remainedContractMonths" : 1
    }, {
      "consumerId" : 8,
      "price" : 2,
      "remainedContractMonths" : 1
    }, {
      "consumerId" : 10,
      "price" : 2,
      "remainedContractMonths" : 1
    }, {
      "consumerId" : 12,
      "price" : 2,
      "remainedContractMonths" : 1
    }, {
      "consumerId" : 16,
      "price" : 2,
      "remainedContractMonths" : 1
    } ]
  }, {
    "id" : 6,
    "energyNeededKW" : 3974,
    "contractCost" : 17,
    "budget" : 1324,
    "producerStrategy" : "QUANTITY",
    "isBankrupt" : false,
    "contracts" : [ ]
  }, {
    "id" : 7,
    "energyNeededKW" : 2783,
    "contractCost" : 25,
    "budget" : 461,
    "producerStrategy" : "QUANTITY",
    "isBankrupt" : false,
    "contracts" : [ ]
  }, {
    "id" : 8,
    "energyNeededKW" : 1442,
    "contractCost" : 30,
    "budget" : 1033,
    "producerStrategy" : "QUANTITY",
    "isBankrupt" : false,
    "contracts" : [ ]
  }, {
    "id" : 9,
    "energyNeededKW" : 2268,
    "contractCost" : 25,
    "budget" : 1031,
    "producerStrategy" : "GREEN",
    "isBankrupt" : false,
    "contracts" : [ ]
  }, {
    "id" : 10,
    "energyNeededKW" : 2641,
    "contractCost" : 22,
    "budget" : 194,
    "producerStrategy" : "GREEN",
    "isBankrupt" : false,
    "contracts" : [ ]
  }, {
    "id" : 11,
    "energyNeededKW" : 1473,
    "contractCost" : 21,
    "budget" : 199,
    "producerStrategy" : "GREEN",
    "isBankrupt" : false,
    "contracts" : [ ]
  }, {
    "id" : 12,
    "energyNeededKW" : 3965,
    "contractCost" : 18,
    "budget" : 1493,
    "producerStrategy" : "QUANTITY",
    "isBankrupt" : false,
    "contracts" : [ ]
  }, {
    "id" : 13,
    "energyNeededKW" : 4231,
    "contractCost" : 11,
    "budget" : 379,
    "producerStrategy" : "QUANTITY",
    "isBankrupt" : false,
    "contracts" : [ ]
  }, {
    "id" : 14,
    "energyNeededKW" : 4461,
    "contractCost" : 18,
    "budget" : 548,
    "producerStrategy" : "GREEN",
    "isBankrupt" : false,
    "contracts" : [ ]
  }, {
    "id" : 15,
    "energyNeededKW" : 2079,
    "contractCost" : 15,
    "budget" : 167,
    "producerStrategy" : "PRICE",
    "isBankrupt" : false,
    "contracts" : [ ]
  }, {
    "id" : 16,
    "energyNeededKW" : 3076,
    "contractCost" : 15,
    "budget" : 454,
    "producerStrategy" : "PRICE",
    "isBankrupt" : false,
    "contracts" : [ ]
  }, {
    "id" : 17,
    "energyNeededKW" : 3110,
    "contractCost" : 30,
    "budget" : 1361,
    "producerStrategy" : "GREEN",
    "isBankrupt" : false,
    "contracts" : [ ]
  }, {
    "id" : 18,
    "energyNeededKW" : 4957,
    "contractCost" : 19,
    "budget" : 860,
    "producerStrategy" : "QUANTITY",
    "isBankrupt" : false,
    "contracts" : [ ]
  }, {
    "id" : 19,
    "energyNeededKW" : 3828,
    "contractCost" : 10,
    "budget" : 1058,
    "producerStrategy" : "QUANTITY",
    "isBankrupt" : false,
    "contracts" : [ ]
  } ],
  "energyProducers" : [ {
    "id" : 0,
    "maxDistributors" : 10,
    "priceKW" : 0.01,
    "energyType" : "NUCLEAR",
    "energyPerDistributor" : 2577,
    "monthlyStats" : [ {
      "month" : 1,
      "distributorsIds" : [ 4, 5, 6, 7, 8, 12, 13, 15, 16, 18 ]
    }, {
      "month" : 2,
      "distributorsIds" : [ 4, 5, 6, 7, 8, 12, 13, 15, 16, 18 ]
    }, {
      "month" : 3,
      "distributorsIds" : [ 4, 5, 6, 7, 8, 12, 13, 15, 16, 18 ]
    }, {
      "month" : 4,
      "distributorsIds" : [ 4, 5, 6, 7, 8, 12, 13, 15, 16, 18 ]
    }, {
      "month" : 5,
      "distributorsIds" : [ 4, 5, 6, 7, 8, 12, 13, 15, 16, 18 ]
    }, {
      "month" : 6,
      "distributorsIds" : [ 4, 5, 6, 7, 8, 12, 13, 15, 16, 18 ]
    }, {
      "month" : 7,
      "distributorsIds" : [ 4, 5, 6, 7, 8, 12, 13, 15, 16, 18 ]
    }, {
      "month" : 8,
      "distributorsIds" : [ 4, 5, 6, 7, 8, 12, 13, 15, 16, 18 ]
    }, {
      "month" : 9,
      "distributorsIds" : [ 4, 5, 6, 7, 8, 12, 13, 15, 16, 18 ]
    }, {
      "month" : 10,
      "distributorsIds" : [ 4, 5, 6, 7, 8, 12, 13, 15, 16, 18 ]
    }, {
      "month" : 11,
      "distributorsIds" : [ 4, 5, 6, 7, 8, 12, 13, 15, 16, 18 ]
    }, {
      "month" : 12,
      "distributorsIds" : [ 4, 5, 6, 7, 8, 12, 13, 15, 16, 18 ]
    }, {
      "month" : 13,
      "distributorsIds" : [ 4, 5, 6, 7, 8, 12, 13, 15, 16, 18 ]
    }, {
      "month" : 14,
      "distributorsIds" : [ 4, 5, 6, 7, 8, 12, 13, 15, 16, 18 ]
    }, {
      "month" : 15,
      "distributorsIds" : [ 4, 5, 6, 7, 8, 12, 13, 15, 16, 18 ]
    }, {
      "month" : 16,
      "distributorsIds" : [ 4, 5, 6, 7, 8, 12, 13, 15, 16, 18 ]
    }, {
      "month" : 17,
      "distributorsIds" : [ 4, 5, 6, 7, 8, 12, 13, 15, 16, 18 ]
    }, {
      "month" : 18,
      "distributorsIds" : [ 4, 5, 6, 7, 8, 12, 13, 15, 16, 18 ]
    }, {
      "month" : 19,
      "distributorsIds" : [ 4, 5, 6, 7, 8, 12, 13, 15, 16, 18 ]
    }, {
      "month" : 20,
      "distributorsIds" : [ 4, 5, 6, 7, 8, 12, 13, 15, 16, 18 ]
    } ]
  }, {
    "id" : 1,
    "maxDistributors" : 4,
    "priceKW" : 0.04,
    "energyType" : "COAL",
    "energyPerDistributor" : 2788,
    "monthlyStats" : [ {
      "month" : 1,
      "distributorsIds" : [ 16, 18, 19 ]
    }, {
      "month" : 2,
      "distributorsIds" : [ 16, 18, 19, 3 ]
    }, {
      "month" : 3,
      "distributorsIds" : [ 16, 18, 19, 3 ]
    }, {
      "month" : 4,
      "distributorsIds" : [ 16, 18, 19, 3 ]
    }, {
      "month" : 5,
      "distributorsIds" : [ 16, 18, 19, 3 ]
    }, {
      "month" : 6,
      "distributorsIds" : [ 16, 18, 19, 3 ]
    }, {
      "month" : 7,
      "distributorsIds" : [ 16, 18, 19, 3 ]
    }, {
      "month" : 8,
      "distributorsIds" : [ 16, 18, 19, 3 ]
    }, {
      "month" : 9,
      "distributorsIds" : [ 16, 18, 19, 3 ]
    }, {
      "month" : 10,
      "distributorsIds" : [ 16, 18, 19, 3 ]
    }, {
      "month" : 11,
      "distributorsIds" : [ 16, 18, 19, 3 ]
    }, {
      "month" : 12,
      "distributorsIds" : [ 16, 18, 19, 3 ]
    }, {
      "month" : 13,
      "distributorsIds" : [ 16, 18, 19, 3 ]
    }, {
      "month" : 14,
      "distributorsIds" : [ 16, 18, 19, 3 ]
    }, {
      "month" : 15,
      "distributorsIds" : [ 16, 18, 19, 3 ]
    }, {
      "month" : 16,
      "distributorsIds" : [ 16, 18, 19, 3 ]
    }, {
      "month" : 17,
      "distributorsIds" : [ 16, 18, 19, 3 ]
    }, {
      "month" : 18,
      "distributorsIds" : [ 16, 18, 19, 3 ]
    }, {
      "month" : 19,
      "distributorsIds" : [ 16, 18, 19, 3 ]
    }, {
      "month" : 20,
      "distributorsIds" : [ 16, 18, 19, 3 ]
    } ]
  }, {
    "id" : 2,
    "maxDistributors" : 6,
    "priceKW" : 0.06,
    "energyType" : "HYDRO",
    "energyPerDistributor" : 8577,
    "monthlyStats" : [ {
      "month" : 1,
      "distributorsIds" : [ 0, 1, 2, 3, 9, 10 ]
    }, {
      "month" : 2,
      "distributorsIds" : [ 0, 1, 2, 3, 9, 10 ]
    }, {
      "month" : 3,
      "distributorsIds" : [ 0, 1, 2, 3, 9, 10 ]
    }, {
      "month" : 4,
      "distributorsIds" : [ 0, 1, 2, 3, 9, 10 ]
    }, {
      "month" : 5,
      "distributorsIds" : [ 0, 1, 2, 3, 9, 10 ]
    }, {
      "month" : 6,
      "distributorsIds" : [ 0, 1, 2, 3, 9, 10 ]
    }, {
      "month" : 7,
      "distributorsIds" : [ 0, 1, 2, 3, 9, 10 ]
    }, {
      "month" : 8,
      "distributorsIds" : [ 0, 1, 2, 3, 9, 10 ]
    }, {
      "month" : 9,
      "distributorsIds" : [ 0, 1, 2, 3, 9, 10 ]
    }, {
      "month" : 10,
      "distributorsIds" : [ 0, 1, 2, 3, 9, 10 ]
    }, {
      "month" : 11,
      "distributorsIds" : [ 0, 1, 2, 3, 9, 10 ]
    }, {
      "month" : 12,
      "distributorsIds" : [ 0, 1, 2, 3, 9, 10 ]
    }, {
      "month" : 13,
      "distributorsIds" : [ 0, 1, 2, 3, 9, 10 ]
    }, {
      "month" : 14,
      "distributorsIds" : [ 0, 1, 2, 3, 9, 10 ]
    }, {
      "month" : 15,
      "distributorsIds" : [ 0, 1, 2, 3, 9, 10 ]
    }, {
      "month" : 16,
      "distributorsIds" : [ 0, 1, 2, 3, 9, 10 ]
    }, {
      "month" : 17,
      "distributorsIds" : [ 0, 1, 2, 3, 9, 10 ]
    }, {
      "month" : 18,
      "distributorsIds" : [ 0, 1, 2, 3, 9, 10 ]
    }, {
      "month" : 19,
      "distributorsIds" : [ 0, 1, 2, 3, 9, 10 ]
    }, {
      "month" : 20,
      "distributorsIds" : [ 0, 1, 2, 3, 9, 10 ]
    } ]
  }, {
    "id" : 3,
    "maxDistributors" : 4,
    "priceKW" : 0.1,
    "energyType" : "COAL",
    "energyPerDistributor" : 7268,
    "monthlyStats" : [ {
      "month" : 1,
      "distributorsIds" : [ 6, 7, 12, 13 ]
    }, {
      "month" : 2,
      "distributorsIds" : [ 6, 7, 12, 13 ]
    }, {
      "month" : 3,
      "distributorsIds" : [ 6, 7, 12, 13 ]
    }, {
      "month" : 4,
      "distributorsIds" : [ 6, 7, 12, 13 ]
    }, {
      "month" : 5,
      "distributorsIds" : [ 6, 7, 12, 13 ]
    }, {
      "month" : 6,
      "distributorsIds" : [ 6, 7, 12, 13 ]
    }, {
      "month" : 7,
      "distributorsIds" : [ 6, 7, 12, 13 ]
    }, {
      "month" : 8,
      "distributorsIds" : [ 6, 7, 12, 13 ]
    }, {
      "month" : 9,
      "distributorsIds" : [ 6, 7, 12, 13 ]
    }, {
      "month" : 10,
      "distributorsIds" : [ 6, 7, 12, 13 ]
    }, {
      "month" : 11,
      "distributorsIds" : [ 6, 7, 12, 13 ]
    }, {
      "month" : 12,
      "distributorsIds" : [ 6, 7, 12, 13 ]
    }, {
      "month" : 13,
      "distributorsIds" : [ 6, 7, 12, 13 ]
    }, {
      "month" : 14,
      "distributorsIds" : [ 6, 7, 12, 13 ]
    }, {
      "month" : 15,
      "distributorsIds" : [ 6, 7, 12, 13 ]
    }, {
      "month" : 16,
      "distributorsIds" : [ 6, 7, 12, 13 ]
    }, {
      "month" : 17,
      "distributorsIds" : [ 6, 7, 12, 13 ]
    }, {
      "month" : 18,
      "distributorsIds" : [ 6, 7, 12, 13 ]
    }, {
      "month" : 19,
      "distributorsIds" : [ 6, 7, 12, 13 ]
    }, {
      "month" : 20,
      "distributorsIds" : [ 6, 7, 12, 13 ]
    } ]
  }, {
    "id" : 4,
    "maxDistributors" : 7,
    "priceKW" : 0.07,
    "energyType" : "SOLAR",
    "energyPerDistributor" : 8581,
    "monthlyStats" : [ {
      "month" : 1,
      "distributorsIds" : [ 11, 14, 17 ]
    }, {
      "month" : 2,
      "distributorsIds" : [ 11, 14, 17, 1, 10, 0, 2 ]
    }, {
      "month" : 3,
      "distributorsIds" : [ 11, 14, 17, 1, 10, 0, 2 ]
    }, {
      "month" : 4,
      "distributorsIds" : [ 11, 14, 17, 1, 10, 0, 2 ]
    }, {
      "month" : 5,
      "distributorsIds" : [ 11, 14, 17, 1, 10, 0, 2 ]
    }, {
      "month" : 6,
      "distributorsIds" : [ 11, 14, 17, 1, 10, 0, 2 ]
    }, {
      "month" : 7,
      "distributorsIds" : [ 11, 14, 17, 1, 10, 0, 2 ]
    }, {
      "month" : 8,
      "distributorsIds" : [ 11, 14, 17, 1, 10, 0, 2 ]
    }, {
      "month" : 9,
      "distributorsIds" : [ 11, 14, 17, 1, 10, 0, 2 ]
    }, {
      "month" : 10,
      "distributorsIds" : [ 11, 14, 17, 1, 10, 0, 2 ]
    }, {
      "month" : 11,
      "distributorsIds" : [ 11, 14, 17, 1, 10, 0, 2 ]
    }, {
      "month" : 12,
      "distributorsIds" : [ 11, 14, 17, 1, 10, 0, 2 ]
    }, {
      "month" : 13,
      "distributorsIds" : [ 11, 14, 17, 1, 10, 0, 2 ]
    }, {
      "month" : 14,
      "distributorsIds" : [ 11, 14, 17, 1, 10, 0, 2 ]
    }, {
      "month" : 15,
      "distributorsIds" : [ 11, 14, 17, 1, 10, 0, 2 ]
    }, {
      "month" : 16,
      "distributorsIds" : [ 11, 14, 17, 1, 10, 0, 2 ]
    }, {
      "month" : 17,
      "distributorsIds" : [ 11, 14, 17, 1, 10, 0, 2 ]
    }, {
      "month" : 18,
      "distributorsIds" : [ 11, 14, 17, 1, 10, 0, 2 ]
    }, {
      "month" : 19,
      "distributorsIds" : [ 11, 14, 17, 1, 10, 0, 2 ]
    }, {
      "month" : 20,
      "distributorsIds" : [ 11, 14, 17, 1, 10, 0, 2 ]
    } ]
  } ]
}